<?xml version="1.0" encoding="UTF-8"?>
<!-- Generated by org.testng.reporters.JUnitReportReporter -->
<testsuite hostname="DESKTOP-DQ56HI0" failures="0" tests="1" name="TestCases.MyAccountPageTest" time="23.280" errors="0" timestamp="2020-05-07T10:39:59 AEST" skipped="0">
  <testcase classname="TestCases.MyAccountPageTest" name="ClickOnWomenActivewearPage" time="23.280"/>
  <system-out/>
</testsuite> <!-- TestCases.MyAccountPageTest -->
