<?xml version="1.0" encoding="UTF-8"?>
<!-- Generated by org.testng.reporters.JUnitReportReporter -->
<testsuite hostname="DESKTOP-DQ56HI0" failures="0" tests="3" name="TestCases.LoginPageTest" time="40.333" errors="0" timestamp="2020-05-07T11:37:30 AEST" skipped="0">
  <testcase classname="TestCases.LoginPageTest" name="LoginpageTitleTest" time="13.860"/>
  <system-out/>
  <testcase classname="TestCases.LoginPageTest" name="logoTest" time="11.086"/>
  <system-out/>
  <testcase classname="TestCases.LoginPageTest" name="loginTest" time="15.387"/>
  <system-out/>
</testsuite> <!-- TestCases.LoginPageTest -->
